2025-10-23 04:39:52.376 WARN  [main] c.k.consumer.retry.RetryHandler - ⚠️ Operation 'test-max-attempts' failed (attempt 1/3). Retrying in 100ms. Error: Always fails
2025-10-23 04:39:52.492 WARN  [main] c.k.consumer.retry.RetryHandler - ⚠️ Operation 'test-max-attempts' failed (attempt 2/3). Retrying in 200ms. Error: Always fails
2025-10-23 04:39:52.696 ERROR [main] c.k.consumer.retry.RetryHandler - ❌ Operation 'test-max-attempts' failed after 3 attempts
2025-10-23 04:39:52.766 WARN  [main] c.k.consumer.retry.RetryHandler - ⚠️ Operation 'test-exception-wrapping' failed (attempt 1/2). Retrying in 100ms. Error: java.io.IOException: Original error
2025-10-23 04:39:52.870 ERROR [main] c.k.consumer.retry.RetryHandler - ❌ Operation 'test-exception-wrapping' failed after 2 attempts
2025-10-23 04:39:52.884 WARN  [main] c.k.consumer.retry.RetryHandler - ⚠️ Operation 'test-performance' failed (attempt 1/3). Retrying in 100ms. Error: Always fails
2025-10-23 04:39:52.989 WARN  [main] c.k.consumer.retry.RetryHandler - ⚠️ Operation 'test-performance' failed (attempt 2/3). Retrying in 200ms. Error: Always fails
2025-10-23 04:39:53.197 ERROR [main] c.k.consumer.retry.RetryHandler - ❌ Operation 'test-performance' failed after 3 attempts
2025-10-23 04:39:53.247 WARN  [main] c.k.consumer.retry.RetryHandler - ⚠️ Operation 'test-retry-operation' failed (attempt 1/3). Retrying in 100ms. Error: Transient failure
2025-10-23 04:39:53.355 WARN  [main] c.k.consumer.retry.RetryHandler - ⚠️ Operation 'test-retry-operation' failed (attempt 2/3). Retrying in 200ms. Error: Transient failure
2025-10-23 04:39:53.579 WARN  [main] c.k.consumer.retry.RetryHandler - ⚠️ Operation 'test-interrupted' failed (attempt 1/3). Retrying in 100ms. Error: Fail to trigger retry
2025-10-23 04:39:53.660 ERROR [main] c.k.consumer.retry.RetryHandler - ❌ Operation 'test-single-attempt' failed after 1 attempts
2025-10-23 04:39:53.664 WARN  [main] c.k.consumer.retry.RetryHandler - ⚠️ Operation 'test-backoff' failed (attempt 1/3). Retrying in 100ms. Error: Force retry
2025-10-23 04:39:53.770 WARN  [main] c.k.consumer.retry.RetryHandler - ⚠️ Operation 'test-backoff' failed (attempt 2/3). Retrying in 200ms. Error: Force retry
2025-10-23 04:39:53.976 ERROR [main] c.k.consumer.retry.RetryHandler - ❌ Operation 'test-backoff' failed after 3 attempts
2025-10-23 04:39:54.009 WARN  [main] c.k.consumer.retry.RetryHandler - ⚠️ Operation 'test-default-attempts' failed (attempt 1/3). Retrying in 100ms. Error: Always fails
2025-10-23 04:39:54.115 WARN  [main] c.k.consumer.retry.RetryHandler - ⚠️ Operation 'test-default-attempts' failed (attempt 2/3). Retrying in 200ms. Error: Always fails
2025-10-23 04:39:54.320 ERROR [main] c.k.consumer.retry.RetryHandler - ❌ Operation 'test-default-attempts' failed after 3 attempts
2025-10-23 04:39:57.126 WARN  [main] c.k.c.s.CircuitBreakerDetector - 🛑 Manual circuit breaker triggered for STOCK1: Testing
2025-10-23 04:39:57.131 INFO  [main] c.k.c.s.CircuitBreakerDetector - ✅ Circuit breaker resolved for STOCK1
2025-10-23 04:39:57.174 WARN  [main] c.k.c.s.CircuitBreakerDetector - ⚠️ Inactivity warning for STOCK1: 15 minutes since last tick
2025-10-23 04:39:57.177 WARN  [main] c.k.c.s.CircuitBreakerDetector - ⚠️ Inactivity warning for STOCK1: 10 minutes since last tick
2025-10-23 04:39:57.185 ERROR [main] c.k.c.s.CircuitBreakerDetector - 🛑 CIRCUIT BREAKER TRIGGERED for STOCK2: 25 minutes of inactivity. Last tick: 2025-10-22T22:44:57.185724Z
2025-10-23 04:39:57.190 ERROR [main] c.k.c.s.CircuitBreakerDetector - 🛑 CIRCUIT BREAKER TRIGGERED for STOCK1: 25 minutes of inactivity. Last tick: 2025-10-22T22:44:57.185724Z
2025-10-23 04:39:57.191 INFO  [main] c.k.c.s.CircuitBreakerDetector - ✅ Market activity resumed for STOCK1: inactive for PT25M0.000011S
2025-10-23 04:39:57.197 ERROR [main] c.k.c.s.CircuitBreakerDetector - 🛑 CIRCUIT BREAKER TRIGGERED for STOCK8: 25 minutes of inactivity. Last tick: 2025-10-22T22:44:57.196384Z
2025-10-23 04:39:57.198 ERROR [main] c.k.c.s.CircuitBreakerDetector - 🛑 CIRCUIT BREAKER TRIGGERED for STOCK9: 25 minutes of inactivity. Last tick: 2025-10-22T22:44:57.196384Z
2025-10-23 04:39:57.198 ERROR [main] c.k.c.s.CircuitBreakerDetector - 🛑 CIRCUIT BREAKER TRIGGERED for STOCK6: 25 minutes of inactivity. Last tick: 2025-10-22T22:44:57.196384Z
2025-10-23 04:39:57.198 ERROR [main] c.k.c.s.CircuitBreakerDetector - 🛑 CIRCUIT BREAKER TRIGGERED for STOCK7: 25 minutes of inactivity. Last tick: 2025-10-22T22:44:57.196384Z
2025-10-23 04:39:57.198 ERROR [main] c.k.c.s.CircuitBreakerDetector - 🛑 CIRCUIT BREAKER TRIGGERED for STOCK4: 25 minutes of inactivity. Last tick: 2025-10-22T22:44:57.196384Z
2025-10-23 04:39:57.199 ERROR [main] c.k.c.s.CircuitBreakerDetector - 🛑 CIRCUIT BREAKER TRIGGERED for STOCK5: 25 minutes of inactivity. Last tick: 2025-10-22T22:44:57.196384Z
2025-10-23 04:39:57.199 ERROR [main] c.k.c.s.CircuitBreakerDetector - 🛑 CIRCUIT BREAKER TRIGGERED for STOCK2: 25 minutes of inactivity. Last tick: 2025-10-22T22:44:57.196384Z
2025-10-23 04:39:57.199 ERROR [main] c.k.c.s.CircuitBreakerDetector - 🛑 CIRCUIT BREAKER TRIGGERED for STOCK3: 25 minutes of inactivity. Last tick: 2025-10-22T22:44:57.196384Z
2025-10-23 04:39:57.200 ERROR [main] c.k.c.s.CircuitBreakerDetector - 🛑 CIRCUIT BREAKER TRIGGERED for STOCK1: 25 minutes of inactivity. Last tick: 2025-10-22T22:44:57.196384Z
2025-10-23 04:39:57.202 ERROR [main] c.k.c.s.CircuitBreakerDetector - 🛑 CIRCUIT BREAKER TRIGGERED for STOCK10: 25 minutes of inactivity. Last tick: 2025-10-22T22:44:57.196384Z
2025-10-23 04:39:57.202 ERROR [main] c.k.c.s.CircuitBreakerDetector - 🚨 GLOBAL MARKET HALT DETECTED: 10 instruments affected. Time: 2025-10-22T23:09:57.202028Z
2025-10-23 04:39:57.205 ERROR [main] c.k.c.s.CircuitBreakerDetector - 🛑 CIRCUIT BREAKER TRIGGERED for STOCK10: 25 minutes of inactivity. Last tick: 2025-10-22T22:44:57.205697Z
2025-10-23 04:39:57.206 ERROR [main] c.k.c.s.CircuitBreakerDetector - 🛑 CIRCUIT BREAKER TRIGGERED for STOCK8: 25 minutes of inactivity. Last tick: 2025-10-22T22:44:57.205697Z
2025-10-23 04:39:57.206 ERROR [main] c.k.c.s.CircuitBreakerDetector - 🛑 CIRCUIT BREAKER TRIGGERED for STOCK9: 25 minutes of inactivity. Last tick: 2025-10-22T22:44:57.205697Z
2025-10-23 04:39:57.206 ERROR [main] c.k.c.s.CircuitBreakerDetector - 🛑 CIRCUIT BREAKER TRIGGERED for STOCK6: 25 minutes of inactivity. Last tick: 2025-10-22T22:44:57.205697Z
2025-10-23 04:39:57.206 ERROR [main] c.k.c.s.CircuitBreakerDetector - 🛑 CIRCUIT BREAKER TRIGGERED for STOCK7: 25 minutes of inactivity. Last tick: 2025-10-22T22:44:57.205697Z
2025-10-23 04:39:57.207 ERROR [main] c.k.c.s.CircuitBreakerDetector - 🛑 CIRCUIT BREAKER TRIGGERED for STOCK4: 25 minutes of inactivity. Last tick: 2025-10-22T22:44:57.205697Z
2025-10-23 04:39:57.207 ERROR [main] c.k.c.s.CircuitBreakerDetector - 🛑 CIRCUIT BREAKER TRIGGERED for STOCK5: 25 minutes of inactivity. Last tick: 2025-10-22T22:44:57.205697Z
2025-10-23 04:39:57.208 ERROR [main] c.k.c.s.CircuitBreakerDetector - 🛑 CIRCUIT BREAKER TRIGGERED for STOCK2: 25 minutes of inactivity. Last tick: 2025-10-22T22:44:57.205697Z
2025-10-23 04:39:57.208 ERROR [main] c.k.c.s.CircuitBreakerDetector - 🛑 CIRCUIT BREAKER TRIGGERED for STOCK3: 25 minutes of inactivity. Last tick: 2025-10-22T22:44:57.205697Z
2025-10-23 04:39:57.209 ERROR [main] c.k.c.s.CircuitBreakerDetector - 🛑 CIRCUIT BREAKER TRIGGERED for STOCK1: 25 minutes of inactivity. Last tick: 2025-10-22T22:44:57.205697Z
2025-10-23 04:39:57.209 ERROR [main] c.k.c.s.CircuitBreakerDetector - 🚨 GLOBAL MARKET HALT DETECTED: 10 instruments affected. Time: 2025-10-22T23:09:57.205874Z
2025-10-23 04:39:57.209 INFO  [main] c.k.c.s.CircuitBreakerDetector - ✅ Market activity resumed for STOCK1: inactive for PT25M0.000177S
2025-10-23 04:39:57.210 INFO  [main] c.k.c.s.CircuitBreakerDetector - ✅ Market activity resumed for STOCK2: inactive for PT25M0.000177S
2025-10-23 04:39:57.210 INFO  [main] c.k.c.s.CircuitBreakerDetector - ✅ Market activity resumed for STOCK3: inactive for PT25M0.000177S
2025-10-23 04:39:57.210 INFO  [main] c.k.c.s.CircuitBreakerDetector - ✅ Market activity resumed for STOCK4: inactive for PT25M0.000177S
2025-10-23 04:39:57.210 INFO  [main] c.k.c.s.CircuitBreakerDetector - ✅ Market activity resumed for STOCK5: inactive for PT25M0.000177S
2025-10-23 04:39:57.210 INFO  [main] c.k.c.s.CircuitBreakerDetector - ✅ Market activity resumed for STOCK6: inactive for PT25M0.000177S
2025-10-23 04:39:57.218 ERROR [main] c.k.c.s.CircuitBreakerDetector - 🛑 CIRCUIT BREAKER TRIGGERED for STOCK2: 25 minutes of inactivity. Last tick: 2025-10-22T22:44:57.218445Z
2025-10-23 04:39:57.227 ERROR [main] c.k.c.s.CircuitBreakerDetector - 🛑 CIRCUIT BREAKER TRIGGERED for STOCK1: 30 minutes of inactivity. Last tick: 2025-10-22T22:39:57.227366Z
2025-10-23 04:39:57.230 ERROR [main] c.k.c.s.CircuitBreakerDetector - 🛑 CIRCUIT BREAKER TRIGGERED for STOCK1: 25 minutes of inactivity. Last tick: 2025-10-22T22:44:57.229979Z
2025-10-23 04:39:57.230 INFO  [main] c.k.c.s.CircuitBreakerDetector - ✅ Market activity resumed for STOCK1: inactive for PT25M0.000009S
2025-10-23 04:39:57.232 ERROR [main] c.k.c.s.CircuitBreakerDetector - 🛑 CIRCUIT BREAKER TRIGGERED for STOCK1: 25 minutes of inactivity. Last tick: 2025-10-22T22:44:57.232662Z
2025-10-23 04:39:57.245 ERROR [main] c.k.c.s.CircuitBreakerDetector - 🛑 CIRCUIT BREAKER TRIGGERED for STOCK1: 25 minutes of inactivity. Last tick: 2025-10-22T22:44:57.245805Z
2025-10-23 04:39:57.252 WARN  [main] c.k.c.s.CircuitBreakerDetector - 🛑 Manual circuit breaker triggered for STOCK2: Test
2025-10-23 04:39:57.363 WARN  [main] c.k.c.service.BackpressureHandler - 🚨 Backpressure triggered: lag=1500, processed=0, percentage={:.2f}%
2025-10-23 04:39:57.370 WARN  [main] c.k.c.service.BackpressureHandler - 🚨 Backpressure triggered: lag=1500, processed=0, percentage={:.2f}%
2025-10-23 04:39:57.374 WARN  [main] c.k.c.service.BackpressureHandler - 🚨 Backpressure triggered: lag=9223372036854775807, processed=0, percentage={:.2f}%
2025-10-23 04:39:57.380 WARN  [main] c.k.c.service.BackpressureHandler - 🚨 Backpressure triggered: lag=1500, processed=0, percentage={:.2f}%
2025-10-23 04:39:57.383 WARN  [main] c.k.c.service.BackpressureHandler - 🚨 Backpressure triggered: lag=2000, processed=0, percentage={:.2f}%
2025-10-23 04:39:57.385 WARN  [main] c.k.c.service.BackpressureHandler - 🚨 Backpressure triggered: lag=1500, processed=0, percentage={:.2f}%
2025-10-23 04:39:57.385 INFO  [main] c.k.c.service.BackpressureHandler - ✅ Backpressure released after 0ms: lag=500, processed=0
2025-10-23 04:39:57.407 WARN  [main] c.k.c.service.BackpressureHandler - 🚨 Backpressure triggered: lag=15, processed=100, percentage={:.2f}%
2025-10-23 04:39:57.413 WARN  [main] c.k.c.service.BackpressureHandler - 🚨 Backpressure triggered: lag=1500, processed=0, percentage={:.2f}%
2025-10-23 04:39:57.460 INFO  [main] c.k.c.service.BackpressureHandler - 🔄 Backpressure statistics reset
2025-10-23 04:39:57.470 WARN  [main] c.k.c.service.BackpressureHandler - 🚨 Backpressure triggered: lag=1500, processed=0, percentage={:.2f}%
2025-10-23 04:39:59.418 INFO  [main] c.k.c.ConsumerApplicationTests - Starting ConsumerApplicationTests using Java 17.0.15 with PID 92720 (started by shivendrapratap in /Users/shivendrapratap/Documents/kotsin/streamingcandle)
2025-10-23 04:39:59.423 INFO  [main] c.k.c.ConsumerApplicationTests - The following 1 profile is active: "test"
2025-10-23 04:40:03.743 INFO  [main] c.k.c.s.MongoInstrumentFamilyService - 🚀 Initializing MongoDB-based instrument family cache...
2025-10-23 04:40:03.883 INFO  [main] c.k.c.s.MongoInstrumentFamilyService - 📊 Found 0 ScripGroups from MongoDB for tradingType=EQUITY
2025-10-23 04:40:03.898 INFO  [main] c.k.c.s.MongoInstrumentFamilyService - 📊 Total ScripGroups in database: 0
2025-10-23 04:40:03.899 WARN  [main] c.k.c.s.MongoInstrumentFamilyService - ⚠️ No ScripGroups found in database at all! Check database name and collection name.
2025-10-23 04:40:03.899 WARN  [main] c.k.c.s.MongoInstrumentFamilyService - ⚠️ Current MongoDB URI: mongodb://localhost:27017/tradeIngestion
2025-10-23 04:40:03.899 WARN  [main] c.k.c.s.MongoInstrumentFamilyService - ⚠️ Expected collection: ScripGroup
2025-10-23 04:40:03.899 WARN  [main] c.k.c.s.MongoInstrumentFamilyService - ⚠️ Expected tradingType values: EQUITY, FUTURE, OPTION
2025-10-23 04:40:03.899 WARN  [main] c.k.c.s.MongoInstrumentFamilyService - ⚠️ No ScripGroups found in MongoDB, skipping cache refresh
2025-10-23 04:40:03.899 INFO  [main] c.k.c.s.MongoInstrumentFamilyService - ✅ MongoDB instrument family cache initialized successfully
2025-10-23 04:40:03.974 INFO  [main] c.k.c.p.UnifiedMarketDataProcessor - 🚀 Starting Unified Market Data Processor (Refactored)
2025-10-23 04:40:03.975 INFO  [main] c.k.c.p.UnifiedMarketDataProcessor - Flags: candlesOutputEnabled=true, familyStructuredEnabled=true
2025-10-23 04:40:03.975 INFO  [main] c.k.c.p.UnifiedMarketDataProcessor - Input topics: ticks=forwardtesting-data, oi=OpenInterest, orderbook=Orderbook
2025-10-23 04:40:03.975 INFO  [main] c.k.c.p.UnifiedMarketDataProcessor - Candle topics: 1m=candle-complete-1m-test, 2m=candle-complete-2m-test, 3m=candle-complete-3m-test, 5m=candle-complete-5m-test, 15m=candle-complete-15m-test, 30m=candle-complete-30m-test
2025-10-23 04:40:03.975 INFO  [main] c.k.c.p.UnifiedMarketDataProcessor - Family topics: 1m=family-structured-1m-test, 2m=family-structured-2m-test, 5m=family-structured-5m-test, 15m=family-structured-15m-test, 30m=family-structured-30m-test, all=family-structured-all-test
2025-10-23 04:40:03.975 INFO  [main] c.k.c.p.MarketDataOrchestrator - 🚀 Starting all market data processing streams
2025-10-23 04:40:03.976 INFO  [main] c.k.c.p.TopologyConfiguration - 🗃️ Building per-instrument candle topology
2025-10-23 04:40:04.387 INFO  [main] c.k.c.p.TopologyConfiguration - 📤 Setting up immediate candle extraction to prevent race condition
2025-10-23 04:40:04.388 INFO  [main] c.k.c.p.TopologyConfiguration - 📤 Setting up candle emission for 1m → candle-complete-1m-test
2025-10-23 04:40:04.513 INFO  [main] c.k.c.p.TopologyConfiguration - 📤 Setting up candle emission for 2m → candle-complete-2m-test
2025-10-23 04:40:04.574 INFO  [main] c.k.c.p.TopologyConfiguration - 📤 Setting up candle emission for 3m → candle-complete-3m-test
2025-10-23 04:40:04.618 INFO  [main] c.k.c.p.TopologyConfiguration - 📤 Setting up candle emission for 5m → candle-complete-5m-test
2025-10-23 04:40:04.642 INFO  [main] c.k.c.p.TopologyConfiguration - 📤 Setting up candle emission for 15m → candle-complete-15m-test
2025-10-23 04:40:04.671 INFO  [main] c.k.c.p.TopologyConfiguration - 📤 Setting up candle emission for 30m → candle-complete-30m-test
2025-10-23 04:40:05.630 INFO  [main] c.k.c.p.MarketDataOrchestrator - ✅ Started per-instrument candle stream
2025-10-23 04:40:05.646 INFO  [main] c.k.c.p.MarketDataOrchestrator - ⏳ Waiting for instrument stream to create candle topics...
2025-10-23 04:40:10.651 INFO  [main] c.k.c.p.MarketDataOrchestrator - 🏗️ Starting family-structured streams with retry
2025-10-23 04:40:10.663 INFO  [main] c.k.c.p.MarketDataOrchestrator - 🏗️ Starting family-structured streams
2025-10-23 04:40:10.881 WARN  [main] c.k.c.p.MarketDataOrchestrator - ⚠️ Attempt 1 failed to start family streams: Required candle topic does not exist: candle-complete-1m-test
2025-10-23 04:40:10.882 INFO  [main] c.k.c.p.MarketDataOrchestrator - ⏳ Retrying in 2 seconds...
2025-10-23 04:40:12.887 INFO  [main] c.k.c.p.MarketDataOrchestrator - 🏗️ Starting family-structured streams
2025-10-23 04:40:13.095 WARN  [main] c.k.c.p.MarketDataOrchestrator - ⚠️ Attempt 2 failed to start family streams: Required candle topic does not exist: candle-complete-1m-test
2025-10-23 04:40:13.097 INFO  [main] c.k.c.p.MarketDataOrchestrator - ⏳ Retrying in 2 seconds...
2025-10-23 04:40:15.104 INFO  [main] c.k.c.p.MarketDataOrchestrator - 🏗️ Starting family-structured streams
2025-10-23 04:40:15.301 WARN  [main] c.k.c.p.MarketDataOrchestrator - ⚠️ Attempt 3 failed to start family streams: Required candle topic does not exist: candle-complete-1m-test
2025-10-23 04:40:15.302 ERROR [main] c.k.c.p.MarketDataOrchestrator - ❌ All 3 attempts failed to start family streams
2025-10-23 04:40:15.305 ERROR [main] c.k.c.p.MarketDataOrchestrator - ❌ Failed to start streams
java.lang.RuntimeException: Failed to start family streams after 3 attempts
	at com.kotsin.consumer.processor.MarketDataOrchestrator.startFamilyStructuredStreamsWithRetry(MarketDataOrchestrator.java:139)
	at com.kotsin.consumer.processor.MarketDataOrchestrator.startAllStreams(MarketDataOrchestrator.java:79)
	at com.kotsin.consumer.processor.UnifiedMarketDataProcessor.start(UnifiedMarketDataProcessor.java:99)
	at java.base/jdk.internal.reflect.NativeMethodAccessorImpl.invoke0(Native Method)
	at java.base/jdk.internal.reflect.NativeMethodAccessorImpl.invoke(NativeMethodAccessorImpl.java:77)
	at java.base/jdk.internal.reflect.DelegatingMethodAccessorImpl.invoke(DelegatingMethodAccessorImpl.java:43)
	at java.base/java.lang.reflect.Method.invoke(Method.java:569)
	at org.springframework.beans.factory.annotation.InitDestroyAnnotationBeanPostProcessor$LifecycleMethod.invoke(InitDestroyAnnotationBeanPostProcessor.java:457)
	at org.springframework.beans.factory.annotation.InitDestroyAnnotationBeanPostProcessor$LifecycleMetadata.invokeInitMethods(InitDestroyAnnotationBeanPostProcessor.java:401)
	at org.springframework.beans.factory.annotation.InitDestroyAnnotationBeanPostProcessor.postProcessBeforeInitialization(InitDestroyAnnotationBeanPostProcessor.java:219)
	at org.springframework.beans.factory.support.AbstractAutowireCapableBeanFactory.applyBeanPostProcessorsBeforeInitialization(AbstractAutowireCapableBeanFactory.java:421)
	at org.springframework.beans.factory.support.AbstractAutowireCapableBeanFactory.initializeBean(AbstractAutowireCapableBeanFactory.java:1765)
	at org.springframework.beans.factory.support.AbstractAutowireCapableBeanFactory.doCreateBean(AbstractAutowireCapableBeanFactory.java:599)
	at org.springframework.beans.factory.support.AbstractAutowireCapableBeanFactory.createBean(AbstractAutowireCapableBeanFactory.java:521)
	at org.springframework.beans.factory.support.AbstractBeanFactory.lambda$doGetBean$0(AbstractBeanFactory.java:325)
	at org.springframework.beans.factory.support.DefaultSingletonBeanRegistry.getSingleton(DefaultSingletonBeanRegistry.java:234)
	at org.springframework.beans.factory.support.AbstractBeanFactory.doGetBean(AbstractBeanFactory.java:323)
	at org.springframework.beans.factory.support.AbstractBeanFactory.getBean(AbstractBeanFactory.java:199)
	at org.springframework.beans.factory.config.DependencyDescriptor.resolveCandidate(DependencyDescriptor.java:254)
	at org.springframework.beans.factory.support.DefaultListableBeanFactory.doResolveDependency(DefaultListableBeanFactory.java:1443)
	at org.springframework.beans.factory.support.DefaultListableBeanFactory.resolveDependency(DefaultListableBeanFactory.java:1353)
	at org.springframework.beans.factory.support.ConstructorResolver.resolveAutowiredArgument(ConstructorResolver.java:907)
	at org.springframework.beans.factory.support.ConstructorResolver.createArgumentArray(ConstructorResolver.java:785)
	at org.springframework.beans.factory.support.ConstructorResolver.autowireConstructor(ConstructorResolver.java:237)
	at org.springframework.beans.factory.support.AbstractAutowireCapableBeanFactory.autowireConstructor(AbstractAutowireCapableBeanFactory.java:1354)
	at org.springframework.beans.factory.support.AbstractAutowireCapableBeanFactory.createBeanInstance(AbstractAutowireCapableBeanFactory.java:1191)
	at org.springframework.beans.factory.support.AbstractAutowireCapableBeanFactory.doCreateBean(AbstractAutowireCapableBeanFactory.java:561)
	at org.springframework.beans.factory.support.AbstractAutowireCapableBeanFactory.createBean(AbstractAutowireCapableBeanFactory.java:521)
	at org.springframework.beans.factory.support.AbstractBeanFactory.lambda$doGetBean$0(AbstractBeanFactory.java:325)
	at org.springframework.beans.factory.support.DefaultSingletonBeanRegistry.getSingleton(DefaultSingletonBeanRegistry.java:234)
	at org.springframework.beans.factory.support.AbstractBeanFactory.doGetBean(AbstractBeanFactory.java:323)
	at org.springframework.beans.factory.support.AbstractBeanFactory.getBean(AbstractBeanFactory.java:199)
	at org.springframework.beans.factory.support.DefaultListableBeanFactory.preInstantiateSingletons(DefaultListableBeanFactory.java:975)
	at org.springframework.context.support.AbstractApplicationContext.finishBeanFactoryInitialization(AbstractApplicationContext.java:959)
	at org.springframework.context.support.AbstractApplicationContext.refresh(AbstractApplicationContext.java:624)
	at org.springframework.boot.SpringApplication.refresh(SpringApplication.java:754)
	at org.springframework.boot.SpringApplication.refreshContext(SpringApplication.java:456)
	at org.springframework.boot.SpringApplication.run(SpringApplication.java:334)
	at org.springframework.boot.test.context.SpringBootContextLoader.lambda$loadContext$3(SpringBootContextLoader.java:137)
	at org.springframework.util.function.ThrowingSupplier.get(ThrowingSupplier.java:58)
	at org.springframework.util.function.ThrowingSupplier.get(ThrowingSupplier.java:46)
	at org.springframework.boot.SpringApplication.withHook(SpringApplication.java:1454)
	at org.springframework.boot.test.context.SpringBootContextLoader$ContextLoaderHook.run(SpringBootContextLoader.java:552)
	at org.springframework.boot.test.context.SpringBootContextLoader.loadContext(SpringBootContextLoader.java:137)
	at org.springframework.boot.test.context.SpringBootContextLoader.loadContext(SpringBootContextLoader.java:108)
	at org.springframework.test.context.cache.DefaultCacheAwareContextLoaderDelegate.loadContextInternal(DefaultCacheAwareContextLoaderDelegate.java:225)
	at org.springframework.test.context.cache.DefaultCacheAwareContextLoaderDelegate.loadContext(DefaultCacheAwareContextLoaderDelegate.java:152)
	at org.springframework.test.context.support.DefaultTestContext.getApplicationContext(DefaultTestContext.java:130)
	at org.springframework.test.context.web.ServletTestExecutionListener.setUpRequestContextIfNecessary(ServletTestExecutionListener.java:191)
	at org.springframework.test.context.web.ServletTestExecutionListener.prepareTestInstance(ServletTestExecutionListener.java:130)
	at org.springframework.test.context.TestContextManager.prepareTestInstance(TestContextManager.java:260)
	at org.springframework.test.context.junit.jupiter.SpringExtension.postProcessTestInstance(SpringExtension.java:163)
	at org.junit.jupiter.engine.descriptor.ClassBasedTestDescriptor.lambda$invokeTestInstancePostProcessors$10(ClassBasedTestDescriptor.java:378)
	at org.junit.jupiter.engine.descriptor.ClassBasedTestDescriptor.executeAndMaskThrowable(ClassBasedTestDescriptor.java:383)
	at org.junit.jupiter.engine.descriptor.ClassBasedTestDescriptor.lambda$invokeTestInstancePostProcessors$11(ClassBasedTestDescriptor.java:378)
	at java.base/java.util.stream.ReferencePipeline$3$1.accept(ReferencePipeline.java:197)
	at java.base/java.util.stream.ReferencePipeline$2$1.accept(ReferencePipeline.java:179)
	at java.base/java.util.ArrayList$ArrayListSpliterator.forEachRemaining(ArrayList.java:1625)
	at java.base/java.util.stream.AbstractPipeline.copyInto(AbstractPipeline.java:509)
	at java.base/java.util.stream.AbstractPipeline.wrapAndCopyInto(AbstractPipeline.java:499)
	at java.base/java.util.stream.StreamSpliterators$WrappingSpliterator.forEachRemaining(StreamSpliterators.java:310)
	at java.base/java.util.stream.Streams$ConcatSpliterator.forEachRemaining(Streams.java:735)
	at java.base/java.util.stream.Streams$ConcatSpliterator.forEachRemaining(Streams.java:734)
	at java.base/java.util.stream.ReferencePipeline$Head.forEach(ReferencePipeline.java:762)
	at org.junit.jupiter.engine.descriptor.ClassBasedTestDescriptor.invokeTestInstancePostProcessors(ClassBasedTestDescriptor.java:377)
	at org.junit.jupiter.engine.descriptor.ClassBasedTestDescriptor.lambda$instantiateAndPostProcessTestInstance$6(ClassBasedTestDescriptor.java:290)
	at org.junit.platform.engine.support.hierarchical.ThrowableCollector.execute(ThrowableCollector.java:73)
	at org.junit.jupiter.engine.descriptor.ClassBasedTestDescriptor.instantiateAndPostProcessTestInstance(ClassBasedTestDescriptor.java:289)
	at org.junit.jupiter.engine.descriptor.ClassBasedTestDescriptor.lambda$testInstancesProvider$4(ClassBasedTestDescriptor.java:279)
	at java.base/java.util.Optional.orElseGet(Optional.java:364)
	at org.junit.jupiter.engine.descriptor.ClassBasedTestDescriptor.lambda$testInstancesProvider$5(ClassBasedTestDescriptor.java:278)
	at org.junit.jupiter.engine.execution.TestInstancesProvider.getTestInstances(TestInstancesProvider.java:31)
	at org.junit.jupiter.engine.descriptor.TestMethodTestDescriptor.lambda$prepare$0(TestMethodTestDescriptor.java:106)
	at org.junit.platform.engine.support.hierarchical.ThrowableCollector.execute(ThrowableCollector.java:73)
	at org.junit.jupiter.engine.descriptor.TestMethodTestDescriptor.prepare(TestMethodTestDescriptor.java:105)
	at org.junit.jupiter.engine.descriptor.TestMethodTestDescriptor.prepare(TestMethodTestDescriptor.java:69)
	at org.junit.platform.engine.support.hierarchical.NodeTestTask.lambda$prepare$2(NodeTestTask.java:123)
	at org.junit.platform.engine.support.hierarchical.ThrowableCollector.execute(ThrowableCollector.java:73)
	at org.junit.platform.engine.support.hierarchical.NodeTestTask.prepare(NodeTestTask.java:123)
	at org.junit.platform.engine.support.hierarchical.NodeTestTask.execute(NodeTestTask.java:90)
	at java.base/java.util.ArrayList.forEach(ArrayList.java:1511)
	at org.junit.platform.engine.support.hierarchical.SameThreadHierarchicalTestExecutorService.invokeAll(SameThreadHierarchicalTestExecutorService.java:41)
	at org.junit.platform.engine.support.hierarchical.NodeTestTask.lambda$executeRecursively$6(NodeTestTask.java:155)
	at org.junit.platform.engine.support.hierarchical.ThrowableCollector.execute(ThrowableCollector.java:73)
	at org.junit.platform.engine.support.hierarchical.NodeTestTask.lambda$executeRecursively$8(NodeTestTask.java:141)
	at org.junit.platform.engine.support.hierarchical.Node.around(Node.java:137)
	at org.junit.platform.engine.support.hierarchical.NodeTestTask.lambda$executeRecursively$9(NodeTestTask.java:139)
	at org.junit.platform.engine.support.hierarchical.ThrowableCollector.execute(ThrowableCollector.java:73)
	at org.junit.platform.engine.support.hierarchical.NodeTestTask.executeRecursively(NodeTestTask.java:138)
	at org.junit.platform.engine.support.hierarchical.NodeTestTask.execute(NodeTestTask.java:95)
	at java.base/java.util.ArrayList.forEach(ArrayList.java:1511)
	at org.junit.platform.engine.support.hierarchical.SameThreadHierarchicalTestExecutorService.invokeAll(SameThreadHierarchicalTestExecutorService.java:41)
	at org.junit.platform.engine.support.hierarchical.NodeTestTask.lambda$executeRecursively$6(NodeTestTask.java:155)
	at org.junit.platform.engine.support.hierarchical.ThrowableCollector.execute(ThrowableCollector.java:73)
	at org.junit.platform.engine.support.hierarchical.NodeTestTask.lambda$executeRecursively$8(NodeTestTask.java:141)
	at org.junit.platform.engine.support.hierarchical.Node.around(Node.java:137)
	at org.junit.platform.engine.support.hierarchical.NodeTestTask.lambda$executeRecursively$9(NodeTestTask.java:139)
	at org.junit.platform.engine.support.hierarchical.ThrowableCollector.execute(ThrowableCollector.java:73)
	at org.junit.platform.engine.support.hierarchical.NodeTestTask.executeRecursively(NodeTestTask.java:138)
	at org.junit.platform.engine.support.hierarchical.NodeTestTask.execute(NodeTestTask.java:95)
	at org.junit.platform.engine.support.hierarchical.SameThreadHierarchicalTestExecutorService.submit(SameThreadHierarchicalTestExecutorService.java:35)
	at org.junit.platform.engine.support.hierarchical.HierarchicalTestExecutor.execute(HierarchicalTestExecutor.java:57)
	at org.junit.platform.engine.support.hierarchical.HierarchicalTestEngine.execute(HierarchicalTestEngine.java:54)
	at org.junit.platform.launcher.core.EngineExecutionOrchestrator.execute(EngineExecutionOrchestrator.java:198)
	at org.junit.platform.launcher.core.EngineExecutionOrchestrator.execute(EngineExecutionOrchestrator.java:169)
	at org.junit.platform.launcher.core.EngineExecutionOrchestrator.execute(EngineExecutionOrchestrator.java:93)
	at org.junit.platform.launcher.core.EngineExecutionOrchestrator.lambda$execute$0(EngineExecutionOrchestrator.java:58)
	at org.junit.platform.launcher.core.EngineExecutionOrchestrator.withInterceptedStreams(EngineExecutionOrchestrator.java:141)
	at org.junit.platform.launcher.core.EngineExecutionOrchestrator.execute(EngineExecutionOrchestrator.java:57)
	at org.junit.platform.launcher.core.DefaultLauncher.execute(DefaultLauncher.java:103)
	at org.junit.platform.launcher.core.DefaultLauncher.execute(DefaultLauncher.java:85)
	at org.junit.platform.launcher.core.DelegatingLauncher.execute(DelegatingLauncher.java:47)
	at org.apache.maven.surefire.junitplatform.LazyLauncher.execute(LazyLauncher.java:56)
	at org.apache.maven.surefire.junitplatform.JUnitPlatformProvider.execute(JUnitPlatformProvider.java:184)
	at org.apache.maven.surefire.junitplatform.JUnitPlatformProvider.invokeAllTests(JUnitPlatformProvider.java:148)
	at org.apache.maven.surefire.junitplatform.JUnitPlatformProvider.invoke(JUnitPlatformProvider.java:122)
	at org.apache.maven.surefire.booter.ForkedBooter.runSuitesInProcess(ForkedBooter.java:385)
	at org.apache.maven.surefire.booter.ForkedBooter.execute(ForkedBooter.java:162)
	at org.apache.maven.surefire.booter.ForkedBooter.run(ForkedBooter.java:507)
	at org.apache.maven.surefire.booter.ForkedBooter.main(ForkedBooter.java:495)
Caused by: java.lang.RuntimeException: Required candle topic does not exist: candle-complete-1m-test
	at com.kotsin.consumer.processor.MarketDataOrchestrator.startFamilyStructuredStreams(MarketDataOrchestrator.java:159)
	at com.kotsin.consumer.processor.MarketDataOrchestrator.startFamilyStructuredStreamsWithRetry(MarketDataOrchestrator.java:124)
	... 119 common frames omitted
2025-10-23 04:40:15.321 ERROR [main] c.k.c.p.UnifiedMarketDataProcessor - ❌ Error starting Unified Market Data Processor
java.lang.RuntimeException: Failed to start market data streams
	at com.kotsin.consumer.processor.MarketDataOrchestrator.startAllStreams(MarketDataOrchestrator.java:86)
	at com.kotsin.consumer.processor.UnifiedMarketDataProcessor.start(UnifiedMarketDataProcessor.java:99)
	at java.base/jdk.internal.reflect.NativeMethodAccessorImpl.invoke0(Native Method)
	at java.base/jdk.internal.reflect.NativeMethodAccessorImpl.invoke(NativeMethodAccessorImpl.java:77)
	at java.base/jdk.internal.reflect.DelegatingMethodAccessorImpl.invoke(DelegatingMethodAccessorImpl.java:43)
	at java.base/java.lang.reflect.Method.invoke(Method.java:569)
	at org.springframework.beans.factory.annotation.InitDestroyAnnotationBeanPostProcessor$LifecycleMethod.invoke(InitDestroyAnnotationBeanPostProcessor.java:457)
	at org.springframework.beans.factory.annotation.InitDestroyAnnotationBeanPostProcessor$LifecycleMetadata.invokeInitMethods(InitDestroyAnnotationBeanPostProcessor.java:401)
	at org.springframework.beans.factory.annotation.InitDestroyAnnotationBeanPostProcessor.postProcessBeforeInitialization(InitDestroyAnnotationBeanPostProcessor.java:219)
	at org.springframework.beans.factory.support.AbstractAutowireCapableBeanFactory.applyBeanPostProcessorsBeforeInitialization(AbstractAutowireCapableBeanFactory.java:421)
	at org.springframework.beans.factory.support.AbstractAutowireCapableBeanFactory.initializeBean(AbstractAutowireCapableBeanFactory.java:1765)
	at org.springframework.beans.factory.support.AbstractAutowireCapableBeanFactory.doCreateBean(AbstractAutowireCapableBeanFactory.java:599)
	at org.springframework.beans.factory.support.AbstractAutowireCapableBeanFactory.createBean(AbstractAutowireCapableBeanFactory.java:521)
	at org.springframework.beans.factory.support.AbstractBeanFactory.lambda$doGetBean$0(AbstractBeanFactory.java:325)
	at org.springframework.beans.factory.support.DefaultSingletonBeanRegistry.getSingleton(DefaultSingletonBeanRegistry.java:234)
	at org.springframework.beans.factory.support.AbstractBeanFactory.doGetBean(AbstractBeanFactory.java:323)
	at org.springframework.beans.factory.support.AbstractBeanFactory.getBean(AbstractBeanFactory.java:199)
	at org.springframework.beans.factory.config.DependencyDescriptor.resolveCandidate(DependencyDescriptor.java:254)
	at org.springframework.beans.factory.support.DefaultListableBeanFactory.doResolveDependency(DefaultListableBeanFactory.java:1443)
	at org.springframework.beans.factory.support.DefaultListableBeanFactory.resolveDependency(DefaultListableBeanFactory.java:1353)
	at org.springframework.beans.factory.support.ConstructorResolver.resolveAutowiredArgument(ConstructorResolver.java:907)
	at org.springframework.beans.factory.support.ConstructorResolver.createArgumentArray(ConstructorResolver.java:785)
	at org.springframework.beans.factory.support.ConstructorResolver.autowireConstructor(ConstructorResolver.java:237)
	at org.springframework.beans.factory.support.AbstractAutowireCapableBeanFactory.autowireConstructor(AbstractAutowireCapableBeanFactory.java:1354)
	at org.springframework.beans.factory.support.AbstractAutowireCapableBeanFactory.createBeanInstance(AbstractAutowireCapableBeanFactory.java:1191)
	at org.springframework.beans.factory.support.AbstractAutowireCapableBeanFactory.doCreateBean(AbstractAutowireCapableBeanFactory.java:561)
	at org.springframework.beans.factory.support.AbstractAutowireCapableBeanFactory.createBean(AbstractAutowireCapableBeanFactory.java:521)
	at org.springframework.beans.factory.support.AbstractBeanFactory.lambda$doGetBean$0(AbstractBeanFactory.java:325)
	at org.springframework.beans.factory.support.DefaultSingletonBeanRegistry.getSingleton(DefaultSingletonBeanRegistry.java:234)
	at org.springframework.beans.factory.support.AbstractBeanFactory.doGetBean(AbstractBeanFactory.java:323)
	at org.springframework.beans.factory.support.AbstractBeanFactory.getBean(AbstractBeanFactory.java:199)
	at org.springframework.beans.factory.support.DefaultListableBeanFactory.preInstantiateSingletons(DefaultListableBeanFactory.java:975)
	at org.springframework.context.support.AbstractApplicationContext.finishBeanFactoryInitialization(AbstractApplicationContext.java:959)
	at org.springframework.context.support.AbstractApplicationContext.refresh(AbstractApplicationContext.java:624)
	at org.springframework.boot.SpringApplication.refresh(SpringApplication.java:754)
	at org.springframework.boot.SpringApplication.refreshContext(SpringApplication.java:456)
	at org.springframework.boot.SpringApplication.run(SpringApplication.java:334)
	at org.springframework.boot.test.context.SpringBootContextLoader.lambda$loadContext$3(SpringBootContextLoader.java:137)
	at org.springframework.util.function.ThrowingSupplier.get(ThrowingSupplier.java:58)
	at org.springframework.util.function.ThrowingSupplier.get(ThrowingSupplier.java:46)
	at org.springframework.boot.SpringApplication.withHook(SpringApplication.java:1454)
	at org.springframework.boot.test.context.SpringBootContextLoader$ContextLoaderHook.run(SpringBootContextLoader.java:552)
	at org.springframework.boot.test.context.SpringBootContextLoader.loadContext(SpringBootContextLoader.java:137)
	at org.springframework.boot.test.context.SpringBootContextLoader.loadContext(SpringBootContextLoader.java:108)
	at org.springframework.test.context.cache.DefaultCacheAwareContextLoaderDelegate.loadContextInternal(DefaultCacheAwareContextLoaderDelegate.java:225)
	at org.springframework.test.context.cache.DefaultCacheAwareContextLoaderDelegate.loadContext(DefaultCacheAwareContextLoaderDelegate.java:152)
	at org.springframework.test.context.support.DefaultTestContext.getApplicationContext(DefaultTestContext.java:130)
	at org.springframework.test.context.web.ServletTestExecutionListener.setUpRequestContextIfNecessary(ServletTestExecutionListener.java:191)
	at org.springframework.test.context.web.ServletTestExecutionListener.prepareTestInstance(ServletTestExecutionListener.java:130)
	at org.springframework.test.context.TestContextManager.prepareTestInstance(TestContextManager.java:260)
	at org.springframework.test.context.junit.jupiter.SpringExtension.postProcessTestInstance(SpringExtension.java:163)
	at org.junit.jupiter.engine.descriptor.ClassBasedTestDescriptor.lambda$invokeTestInstancePostProcessors$10(ClassBasedTestDescriptor.java:378)
	at org.junit.jupiter.engine.descriptor.ClassBasedTestDescriptor.executeAndMaskThrowable(ClassBasedTestDescriptor.java:383)
	at org.junit.jupiter.engine.descriptor.ClassBasedTestDescriptor.lambda$invokeTestInstancePostProcessors$11(ClassBasedTestDescriptor.java:378)
	at java.base/java.util.stream.ReferencePipeline$3$1.accept(ReferencePipeline.java:197)
	at java.base/java.util.stream.ReferencePipeline$2$1.accept(ReferencePipeline.java:179)
	at java.base/java.util.ArrayList$ArrayListSpliterator.forEachRemaining(ArrayList.java:1625)
	at java.base/java.util.stream.AbstractPipeline.copyInto(AbstractPipeline.java:509)
	at java.base/java.util.stream.AbstractPipeline.wrapAndCopyInto(AbstractPipeline.java:499)
	at java.base/java.util.stream.StreamSpliterators$WrappingSpliterator.forEachRemaining(StreamSpliterators.java:310)
	at java.base/java.util.stream.Streams$ConcatSpliterator.forEachRemaining(Streams.java:735)
	at java.base/java.util.stream.Streams$ConcatSpliterator.forEachRemaining(Streams.java:734)
	at java.base/java.util.stream.ReferencePipeline$Head.forEach(ReferencePipeline.java:762)
	at org.junit.jupiter.engine.descriptor.ClassBasedTestDescriptor.invokeTestInstancePostProcessors(ClassBasedTestDescriptor.java:377)
	at org.junit.jupiter.engine.descriptor.ClassBasedTestDescriptor.lambda$instantiateAndPostProcessTestInstance$6(ClassBasedTestDescriptor.java:290)
	at org.junit.platform.engine.support.hierarchical.ThrowableCollector.execute(ThrowableCollector.java:73)
	at org.junit.jupiter.engine.descriptor.ClassBasedTestDescriptor.instantiateAndPostProcessTestInstance(ClassBasedTestDescriptor.java:289)
	at org.junit.jupiter.engine.descriptor.ClassBasedTestDescriptor.lambda$testInstancesProvider$4(ClassBasedTestDescriptor.java:279)
	at java.base/java.util.Optional.orElseGet(Optional.java:364)
	at org.junit.jupiter.engine.descriptor.ClassBasedTestDescriptor.lambda$testInstancesProvider$5(ClassBasedTestDescriptor.java:278)
	at org.junit.jupiter.engine.execution.TestInstancesProvider.getTestInstances(TestInstancesProvider.java:31)
	at org.junit.jupiter.engine.descriptor.TestMethodTestDescriptor.lambda$prepare$0(TestMethodTestDescriptor.java:106)
	at org.junit.platform.engine.support.hierarchical.ThrowableCollector.execute(ThrowableCollector.java:73)
	at org.junit.jupiter.engine.descriptor.TestMethodTestDescriptor.prepare(TestMethodTestDescriptor.java:105)
	at org.junit.jupiter.engine.descriptor.TestMethodTestDescriptor.prepare(TestMethodTestDescriptor.java:69)
	at org.junit.platform.engine.support.hierarchical.NodeTestTask.lambda$prepare$2(NodeTestTask.java:123)
	at org.junit.platform.engine.support.hierarchical.ThrowableCollector.execute(ThrowableCollector.java:73)
	at org.junit.platform.engine.support.hierarchical.NodeTestTask.prepare(NodeTestTask.java:123)
	at org.junit.platform.engine.support.hierarchical.NodeTestTask.execute(NodeTestTask.java:90)
	at java.base/java.util.ArrayList.forEach(ArrayList.java:1511)
	at org.junit.platform.engine.support.hierarchical.SameThreadHierarchicalTestExecutorService.invokeAll(SameThreadHierarchicalTestExecutorService.java:41)
	at org.junit.platform.engine.support.hierarchical.NodeTestTask.lambda$executeRecursively$6(NodeTestTask.java:155)
	at org.junit.platform.engine.support.hierarchical.ThrowableCollector.execute(ThrowableCollector.java:73)
	at org.junit.platform.engine.support.hierarchical.NodeTestTask.lambda$executeRecursively$8(NodeTestTask.java:141)
	at org.junit.platform.engine.support.hierarchical.Node.around(Node.java:137)
	at org.junit.platform.engine.support.hierarchical.NodeTestTask.lambda$executeRecursively$9(NodeTestTask.java:139)
	at org.junit.platform.engine.support.hierarchical.ThrowableCollector.execute(ThrowableCollector.java:73)
	at org.junit.platform.engine.support.hierarchical.NodeTestTask.executeRecursively(NodeTestTask.java:138)
	at org.junit.platform.engine.support.hierarchical.NodeTestTask.execute(NodeTestTask.java:95)
	at java.base/java.util.ArrayList.forEach(ArrayList.java:1511)
	at org.junit.platform.engine.support.hierarchical.SameThreadHierarchicalTestExecutorService.invokeAll(SameThreadHierarchicalTestExecutorService.java:41)
	at org.junit.platform.engine.support.hierarchical.NodeTestTask.lambda$executeRecursively$6(NodeTestTask.java:155)
	at org.junit.platform.engine.support.hierarchical.ThrowableCollector.execute(ThrowableCollector.java:73)
	at org.junit.platform.engine.support.hierarchical.NodeTestTask.lambda$executeRecursively$8(NodeTestTask.java:141)
	at org.junit.platform.engine.support.hierarchical.Node.around(Node.java:137)
	at org.junit.platform.engine.support.hierarchical.NodeTestTask.lambda$executeRecursively$9(NodeTestTask.java:139)
	at org.junit.platform.engine.support.hierarchical.ThrowableCollector.execute(ThrowableCollector.java:73)
	at org.junit.platform.engine.support.hierarchical.NodeTestTask.executeRecursively(NodeTestTask.java:138)
	at org.junit.platform.engine.support.hierarchical.NodeTestTask.execute(NodeTestTask.java:95)
	at org.junit.platform.engine.support.hierarchical.SameThreadHierarchicalTestExecutorService.submit(SameThreadHierarchicalTestExecutorService.java:35)
	at org.junit.platform.engine.support.hierarchical.HierarchicalTestExecutor.execute(HierarchicalTestExecutor.java:57)
	at org.junit.platform.engine.support.hierarchical.HierarchicalTestEngine.execute(HierarchicalTestEngine.java:54)
	at org.junit.platform.launcher.core.EngineExecutionOrchestrator.execute(EngineExecutionOrchestrator.java:198)
	at org.junit.platform.launcher.core.EngineExecutionOrchestrator.execute(EngineExecutionOrchestrator.java:169)
	at org.junit.platform.launcher.core.EngineExecutionOrchestrator.execute(EngineExecutionOrchestrator.java:93)
	at org.junit.platform.launcher.core.EngineExecutionOrchestrator.lambda$execute$0(EngineExecutionOrchestrator.java:58)
	at org.junit.platform.launcher.core.EngineExecutionOrchestrator.withInterceptedStreams(EngineExecutionOrchestrator.java:141)
	at org.junit.platform.launcher.core.EngineExecutionOrchestrator.execute(EngineExecutionOrchestrator.java:57)
	at org.junit.platform.launcher.core.DefaultLauncher.execute(DefaultLauncher.java:103)
	at org.junit.platform.launcher.core.DefaultLauncher.execute(DefaultLauncher.java:85)
	at org.junit.platform.launcher.core.DelegatingLauncher.execute(DelegatingLauncher.java:47)
	at org.apache.maven.surefire.junitplatform.LazyLauncher.execute(LazyLauncher.java:56)
	at org.apache.maven.surefire.junitplatform.JUnitPlatformProvider.execute(JUnitPlatformProvider.java:184)
	at org.apache.maven.surefire.junitplatform.JUnitPlatformProvider.invokeAllTests(JUnitPlatformProvider.java:148)
	at org.apache.maven.surefire.junitplatform.JUnitPlatformProvider.invoke(JUnitPlatformProvider.java:122)
	at org.apache.maven.surefire.booter.ForkedBooter.runSuitesInProcess(ForkedBooter.java:385)
	at org.apache.maven.surefire.booter.ForkedBooter.execute(ForkedBooter.java:162)
	at org.apache.maven.surefire.booter.ForkedBooter.run(ForkedBooter.java:507)
	at org.apache.maven.surefire.booter.ForkedBooter.main(ForkedBooter.java:495)
Caused by: java.lang.RuntimeException: Failed to start family streams after 3 attempts
	at com.kotsin.consumer.processor.MarketDataOrchestrator.startFamilyStructuredStreamsWithRetry(MarketDataOrchestrator.java:139)
	at com.kotsin.consumer.processor.MarketDataOrchestrator.startAllStreams(MarketDataOrchestrator.java:79)
	... 118 common frames omitted
Caused by: java.lang.RuntimeException: Required candle topic does not exist: candle-complete-1m-test
	at com.kotsin.consumer.processor.MarketDataOrchestrator.startFamilyStructuredStreams(MarketDataOrchestrator.java:159)
	at com.kotsin.consumer.processor.MarketDataOrchestrator.startFamilyStructuredStreamsWithRetry(MarketDataOrchestrator.java:124)
	... 119 common frames omitted
2025-10-23 04:40:15.332 WARN  [main] o.s.w.c.s.GenericWebApplicationContext - Exception encountered during context initialization - cancelling refresh attempt: org.springframework.beans.factory.UnsatisfiedDependencyException: Error creating bean with name 'healthController' defined in file [/Users/shivendrapratap/Documents/kotsin/streamingcandle/target/classes/com/kotsin/consumer/controller/HealthController.class]: Unsatisfied dependency expressed through constructor parameter 1: Error creating bean with name 'unifiedMarketDataProcessor': Invocation of init method failed
