2025-12-28 23:20:32.253 INFO  [main] com.kotsin.consumer.util.TTLCache - ðŸ—„ï¸ Created TTLCache 'test-stats' with TTL=60000ms, maxSize=100
2025-12-28 23:20:32.279 INFO  [main] com.kotsin.consumer.util.TTLCache - ðŸ›‘ Cache 'test-stats' shutdown complete
2025-12-28 23:20:32.301 INFO  [main] com.kotsin.consumer.util.TTLCache - ðŸ—„ï¸ Created TTLCache 'test-lru' with TTL=60000ms, maxSize=3
2025-12-28 23:20:32.303 INFO  [main] com.kotsin.consumer.util.TTLCache - ðŸ›‘ Cache 'test-lru' shutdown complete
2025-12-28 23:20:32.308 INFO  [main] com.kotsin.consumer.util.TTLCache - ðŸ—„ï¸ Created TTLCache 'test-expire' with TTL=100ms, maxSize=100
2025-12-28 23:20:32.515 INFO  [main] com.kotsin.consumer.util.TTLCache - ðŸ›‘ Cache 'test-expire' shutdown complete
2025-12-28 23:59:37.973 WARN  [main] o.a.k.s.p.internals.StateDirectory - Using an OS temp directory in the state.dir property can cause failures with writing the checkpoint file due to the fact that this directory can be cleared by the OS. Resolved state.dir: [/var/folders/q0/9zn8w7w12x76gfpt845612hm0000gn/T//kafka-streams]
2025-12-28 23:59:40.619 INFO  [main] com.kotsin.consumer.util.TTLCache - ðŸ—„ï¸ Created TTLCache 'test-stats' with TTL=60000ms, maxSize=100
2025-12-28 23:59:40.643 INFO  [main] com.kotsin.consumer.util.TTLCache - ðŸ›‘ Cache 'test-stats' shutdown complete
2025-12-28 23:59:40.664 INFO  [main] com.kotsin.consumer.util.TTLCache - ðŸ—„ï¸ Created TTLCache 'test-lru' with TTL=60000ms, maxSize=3
2025-12-28 23:59:40.666 INFO  [main] com.kotsin.consumer.util.TTLCache - ðŸ›‘ Cache 'test-lru' shutdown complete
2025-12-28 23:59:40.680 INFO  [main] com.kotsin.consumer.util.TTLCache - ðŸ—„ï¸ Created TTLCache 'test-expire' with TTL=100ms, maxSize=100
2025-12-28 23:59:40.886 INFO  [main] com.kotsin.consumer.util.TTLCache - ðŸ›‘ Cache 'test-expire' shutdown complete
2025-12-28 23:59:45.333 INFO  [main] c.k.c.c.s.FuturesOptionsService - F&O Alignment for RELIANCE: score=0.24, bias=STRONG_BEARISH, aligned=false
2025-12-28 23:59:45.521 WARN  [main] c.k.c.c.s.FuturesOptionsService - No F&O data available for RELIANCE
2025-12-28 23:59:45.570 ERROR [pool-7-thread-1] c.k.c.c.s.FuturesOptionsService - Error fetching futures data for RELIANCE: API error
2025-12-28 23:59:45.654 INFO  [main] c.k.c.c.s.FuturesOptionsService - F&O Alignment for RELIANCE: score=0.57, bias=BULLISH, aligned=false
2025-12-28 23:59:45.665 INFO  [main] c.k.c.c.s.FuturesOptionsService - F&O Alignment for RELIANCE: score=0.88, bias=STRONG_BULLISH, aligned=true
2025-12-28 23:59:45.749 ERROR [pool-17-thread-1] c.k.c.c.s.MultiTimeframeLevelCalculator - Error fetching swing data for RELIANCE daily: class com.kotsin.consumer.curated.service.MultiTimeframeLevelCalculatorTest$SwingData cannot be cast to class com.kotsin.consumer.curated.service.MultiTimeframeLevelCalculator$SwingData (com.kotsin.consumer.curated.service.MultiTimeframeLevelCalculatorTest$SwingData and com.kotsin.consumer.curated.service.MultiTimeframeLevelCalculator$SwingData are in unnamed module of loader 'app')
2025-12-28 23:59:45.750 WARN  [main] c.k.c.c.s.MultiTimeframeLevelCalculator - Invalid swing data for RELIANCE daily
2025-12-28 23:59:45.753 ERROR [pool-17-thread-2] c.k.c.c.s.MultiTimeframeLevelCalculator - Error fetching OHLC for RELIANCE daily: class com.kotsin.consumer.curated.service.MultiTimeframeLevelCalculatorTest$OHLCData cannot be cast to class com.kotsin.consumer.curated.service.MultiTimeframeLevelCalculator$OHLCData (com.kotsin.consumer.curated.service.MultiTimeframeLevelCalculatorTest$OHLCData and com.kotsin.consumer.curated.service.MultiTimeframeLevelCalculator$OHLCData are in unnamed module of loader 'app')
2025-12-28 23:59:45.753 WARN  [main] c.k.c.c.s.MultiTimeframeLevelCalculator - Invalid OHLC data for RELIANCE daily
2025-12-28 23:59:45.754 ERROR [pool-17-thread-3] c.k.c.c.s.MultiTimeframeLevelCalculator - Error fetching swing data for RELIANCE weekly: class com.kotsin.consumer.curated.service.MultiTimeframeLevelCalculatorTest$SwingData cannot be cast to class com.kotsin.consumer.curated.service.MultiTimeframeLevelCalculator$SwingData (com.kotsin.consumer.curated.service.MultiTimeframeLevelCalculatorTest$SwingData and com.kotsin.consumer.curated.service.MultiTimeframeLevelCalculator$SwingData are in unnamed module of loader 'app')
2025-12-28 23:59:45.755 WARN  [main] c.k.c.c.s.MultiTimeframeLevelCalculator - Invalid swing data for RELIANCE weekly
2025-12-28 23:59:45.757 ERROR [pool-17-thread-4] c.k.c.c.s.MultiTimeframeLevelCalculator - Error fetching OHLC for RELIANCE weekly: class com.kotsin.consumer.curated.service.MultiTimeframeLevelCalculatorTest$OHLCData cannot be cast to class com.kotsin.consumer.curated.service.MultiTimeframeLevelCalculator$OHLCData (com.kotsin.consumer.curated.service.MultiTimeframeLevelCalculatorTest$OHLCData and com.kotsin.consumer.curated.service.MultiTimeframeLevelCalculator$OHLCData are in unnamed module of loader 'app')
2025-12-28 23:59:45.758 WARN  [main] c.k.c.c.s.MultiTimeframeLevelCalculator - Invalid OHLC data for RELIANCE weekly
2025-12-28 23:59:45.759 ERROR [pool-17-thread-5] c.k.c.c.s.MultiTimeframeLevelCalculator - Error fetching swing data for RELIANCE monthly: class com.kotsin.consumer.curated.service.MultiTimeframeLevelCalculatorTest$SwingData cannot be cast to class com.kotsin.consumer.curated.service.MultiTimeframeLevelCalculator$SwingData (com.kotsin.consumer.curated.service.MultiTimeframeLevelCalculatorTest$SwingData and com.kotsin.consumer.curated.service.MultiTimeframeLevelCalculator$SwingData are in unnamed module of loader 'app')
2025-12-28 23:59:45.760 WARN  [main] c.k.c.c.s.MultiTimeframeLevelCalculator - Invalid swing data for RELIANCE monthly
2025-12-28 23:59:45.760 ERROR [pool-17-thread-1] c.k.c.c.s.MultiTimeframeLevelCalculator - Error fetching OHLC for RELIANCE monthly: class com.kotsin.consumer.curated.service.MultiTimeframeLevelCalculatorTest$OHLCData cannot be cast to class com.kotsin.consumer.curated.service.MultiTimeframeLevelCalculator$OHLCData (com.kotsin.consumer.curated.service.MultiTimeframeLevelCalculatorTest$OHLCData and com.kotsin.consumer.curated.service.MultiTimeframeLevelCalculator$OHLCData are in unnamed module of loader 'app')
2025-12-28 23:59:45.761 WARN  [main] c.k.c.c.s.MultiTimeframeLevelCalculator - Invalid OHLC data for RELIANCE monthly
2025-12-28 23:59:45.769 INFO  [main] c.k.c.c.s.MultiTimeframeLevelCalculator - Multi-TF levels calculated for RELIANCE: D_Pivot=N/A, W_Pivot=N/A, M_Pivot=N/A
2025-12-28 23:59:45.770 INFO  [main] c.k.c.c.s.MultiTimeframeLevelCalculator - Multi-timeframe levels cache cleared
2025-12-28 23:59:45.771 ERROR [pool-17-thread-2] c.k.c.c.s.MultiTimeframeLevelCalculator - Error fetching swing data for RELIANCE daily: class com.kotsin.consumer.curated.service.MultiTimeframeLevelCalculatorTest$OHLCData cannot be cast to class com.kotsin.consumer.curated.service.MultiTimeframeLevelCalculator$SwingData (com.kotsin.consumer.curated.service.MultiTimeframeLevelCalculatorTest$OHLCData and com.kotsin.consumer.curated.service.MultiTimeframeLevelCalculator$SwingData are in unnamed module of loader 'app')
2025-12-28 23:59:45.773 WARN  [main] c.k.c.c.s.MultiTimeframeLevelCalculator - Invalid swing data for RELIANCE daily
2025-12-28 23:59:45.773 ERROR [pool-17-thread-3] c.k.c.c.s.MultiTimeframeLevelCalculator - Error fetching OHLC for RELIANCE daily: class com.kotsin.consumer.curated.service.MultiTimeframeLevelCalculatorTest$OHLCData cannot be cast to class com.kotsin.consumer.curated.service.MultiTimeframeLevelCalculator$OHLCData (com.kotsin.consumer.curated.service.MultiTimeframeLevelCalculatorTest$OHLCData and com.kotsin.consumer.curated.service.MultiTimeframeLevelCalculator$OHLCData are in unnamed module of loader 'app')
2025-12-28 23:59:45.774 WARN  [main] c.k.c.c.s.MultiTimeframeLevelCalculator - Invalid OHLC data for RELIANCE daily
2025-12-28 23:59:45.774 ERROR [pool-17-thread-4] c.k.c.c.s.MultiTimeframeLevelCalculator - Error fetching swing data for RELIANCE weekly: class com.kotsin.consumer.curated.service.MultiTimeframeLevelCalculatorTest$OHLCData cannot be cast to class com.kotsin.consumer.curated.service.MultiTimeframeLevelCalculator$SwingData (com.kotsin.consumer.curated.service.MultiTimeframeLevelCalculatorTest$OHLCData and com.kotsin.consumer.curated.service.MultiTimeframeLevelCalculator$SwingData are in unnamed module of loader 'app')
2025-12-28 23:59:45.776 WARN  [main] c.k.c.c.s.MultiTimeframeLevelCalculator - Invalid swing data for RELIANCE weekly
2025-12-28 23:59:45.776 ERROR [pool-17-thread-5] c.k.c.c.s.MultiTimeframeLevelCalculator - Error fetching OHLC for RELIANCE weekly: class com.kotsin.consumer.curated.service.MultiTimeframeLevelCalculatorTest$OHLCData cannot be cast to class com.kotsin.consumer.curated.service.MultiTimeframeLevelCalculator$OHLCData (com.kotsin.consumer.curated.service.MultiTimeframeLevelCalculatorTest$OHLCData and com.kotsin.consumer.curated.service.MultiTimeframeLevelCalculator$OHLCData are in unnamed module of loader 'app')
2025-12-28 23:59:45.777 WARN  [main] c.k.c.c.s.MultiTimeframeLevelCalculator - Invalid OHLC data for RELIANCE weekly
2025-12-28 23:59:45.778 ERROR [pool-17-thread-1] c.k.c.c.s.MultiTimeframeLevelCalculator - Error fetching swing data for RELIANCE monthly: class com.kotsin.consumer.curated.service.MultiTimeframeLevelCalculatorTest$OHLCData cannot be cast to class com.kotsin.consumer.curated.service.MultiTimeframeLevelCalculator$SwingData (com.kotsin.consumer.curated.service.MultiTimeframeLevelCalculatorTest$OHLCData and com.kotsin.consumer.curated.service.MultiTimeframeLevelCalculator$SwingData are in unnamed module of loader 'app')
2025-12-28 23:59:45.778 WARN  [main] c.k.c.c.s.MultiTimeframeLevelCalculator - Invalid swing data for RELIANCE monthly
2025-12-28 23:59:45.779 ERROR [pool-17-thread-2] c.k.c.c.s.MultiTimeframeLevelCalculator - Error fetching OHLC for RELIANCE monthly: class com.kotsin.consumer.curated.service.MultiTimeframeLevelCalculatorTest$OHLCData cannot be cast to class com.kotsin.consumer.curated.service.MultiTimeframeLevelCalculator$OHLCData (com.kotsin.consumer.curated.service.MultiTimeframeLevelCalculatorTest$OHLCData and com.kotsin.consumer.curated.service.MultiTimeframeLevelCalculator$OHLCData are in unnamed module of loader 'app')
2025-12-28 23:59:45.779 WARN  [main] c.k.c.c.s.MultiTimeframeLevelCalculator - Invalid OHLC data for RELIANCE monthly
2025-12-28 23:59:45.779 INFO  [main] c.k.c.c.s.MultiTimeframeLevelCalculator - Multi-TF levels calculated for RELIANCE: D_Pivot=N/A, W_Pivot=N/A, M_Pivot=N/A
2025-12-28 23:59:45.795 ERROR [pool-18-thread-1] c.k.c.c.s.MultiTimeframeLevelCalculator - Error fetching swing data for RELIANCE daily: class com.kotsin.consumer.curated.service.MultiTimeframeLevelCalculatorTest$SwingData cannot be cast to class com.kotsin.consumer.curated.service.MultiTimeframeLevelCalculator$SwingData (com.kotsin.consumer.curated.service.MultiTimeframeLevelCalculatorTest$SwingData and com.kotsin.consumer.curated.service.MultiTimeframeLevelCalculator$SwingData are in unnamed module of loader 'app')
2025-12-28 23:59:45.797 WARN  [main] c.k.c.c.s.MultiTimeframeLevelCalculator - Invalid swing data for RELIANCE daily
2025-12-28 23:59:45.798 ERROR [pool-18-thread-2] c.k.c.c.s.MultiTimeframeLevelCalculator - Error fetching OHLC for RELIANCE daily: class com.kotsin.consumer.curated.service.MultiTimeframeLevelCalculatorTest$SwingData cannot be cast to class com.kotsin.consumer.curated.service.MultiTimeframeLevelCalculator$OHLCData (com.kotsin.consumer.curated.service.MultiTimeframeLevelCalculatorTest$SwingData and com.kotsin.consumer.curated.service.MultiTimeframeLevelCalculator$OHLCData are in unnamed module of loader 'app')
2025-12-28 23:59:45.798 WARN  [main] c.k.c.c.s.MultiTimeframeLevelCalculator - Invalid OHLC data for RELIANCE daily
2025-12-28 23:59:45.799 ERROR [pool-18-thread-3] c.k.c.c.s.MultiTimeframeLevelCalculator - Error fetching swing data for RELIANCE weekly: class com.kotsin.consumer.curated.service.MultiTimeframeLevelCalculatorTest$SwingData cannot be cast to class com.kotsin.consumer.curated.service.MultiTimeframeLevelCalculator$SwingData (com.kotsin.consumer.curated.service.MultiTimeframeLevelCalculatorTest$SwingData and com.kotsin.consumer.curated.service.MultiTimeframeLevelCalculator$SwingData are in unnamed module of loader 'app')
2025-12-28 23:59:45.800 WARN  [main] c.k.c.c.s.MultiTimeframeLevelCalculator - Invalid swing data for RELIANCE weekly
2025-12-28 23:59:45.801 ERROR [pool-18-thread-4] c.k.c.c.s.MultiTimeframeLevelCalculator - Error fetching OHLC for RELIANCE weekly: class com.kotsin.consumer.curated.service.MultiTimeframeLevelCalculatorTest$SwingData cannot be cast to class com.kotsin.consumer.curated.service.MultiTimeframeLevelCalculator$OHLCData (com.kotsin.consumer.curated.service.MultiTimeframeLevelCalculatorTest$SwingData and com.kotsin.consumer.curated.service.MultiTimeframeLevelCalculator$OHLCData are in unnamed module of loader 'app')
2025-12-28 23:59:45.802 WARN  [main] c.k.c.c.s.MultiTimeframeLevelCalculator - Invalid OHLC data for RELIANCE weekly
2025-12-28 23:59:45.804 ERROR [pool-18-thread-5] c.k.c.c.s.MultiTimeframeLevelCalculator - Error fetching swing data for RELIANCE monthly: class com.kotsin.consumer.curated.service.MultiTimeframeLevelCalculatorTest$SwingData cannot be cast to class com.kotsin.consumer.curated.service.MultiTimeframeLevelCalculator$SwingData (com.kotsin.consumer.curated.service.MultiTimeframeLevelCalculatorTest$SwingData and com.kotsin.consumer.curated.service.MultiTimeframeLevelCalculator$SwingData are in unnamed module of loader 'app')
2025-12-28 23:59:45.807 WARN  [main] c.k.c.c.s.MultiTimeframeLevelCalculator - Invalid swing data for RELIANCE monthly
2025-12-28 23:59:45.808 ERROR [pool-18-thread-1] c.k.c.c.s.MultiTimeframeLevelCalculator - Error fetching OHLC for RELIANCE monthly: class com.kotsin.consumer.curated.service.MultiTimeframeLevelCalculatorTest$SwingData cannot be cast to class com.kotsin.consumer.curated.service.MultiTimeframeLevelCalculator$OHLCData (com.kotsin.consumer.curated.service.MultiTimeframeLevelCalculatorTest$SwingData and com.kotsin.consumer.curated.service.MultiTimeframeLevelCalculator$OHLCData are in unnamed module of loader 'app')
2025-12-28 23:59:45.809 WARN  [main] c.k.c.c.s.MultiTimeframeLevelCalculator - Invalid OHLC data for RELIANCE monthly
2025-12-28 23:59:45.810 INFO  [main] c.k.c.c.s.MultiTimeframeLevelCalculator - Multi-TF levels calculated for RELIANCE: D_Pivot=N/A, W_Pivot=N/A, M_Pivot=N/A
2025-12-28 23:59:45.826 ERROR [pool-19-thread-1] c.k.c.c.s.MultiTimeframeLevelCalculator - Error fetching swing data for RELIANCE daily: class com.kotsin.consumer.curated.service.MultiTimeframeLevelCalculatorTest$SwingData cannot be cast to class com.kotsin.consumer.curated.service.MultiTimeframeLevelCalculator$SwingData (com.kotsin.consumer.curated.service.MultiTimeframeLevelCalculatorTest$SwingData and com.kotsin.consumer.curated.service.MultiTimeframeLevelCalculator$SwingData are in unnamed module of loader 'app')
2025-12-28 23:59:45.827 WARN  [main] c.k.c.c.s.MultiTimeframeLevelCalculator - Invalid swing data for RELIANCE daily
2025-12-28 23:59:45.828 WARN  [main] c.k.c.c.s.MultiTimeframeLevelCalculator - Invalid OHLC data for RELIANCE daily
2025-12-28 23:59:45.829 ERROR [pool-19-thread-3] c.k.c.c.s.MultiTimeframeLevelCalculator - Error fetching swing data for RELIANCE weekly: class com.kotsin.consumer.curated.service.MultiTimeframeLevelCalculatorTest$SwingData cannot be cast to class com.kotsin.consumer.curated.service.MultiTimeframeLevelCalculator$SwingData (com.kotsin.consumer.curated.service.MultiTimeframeLevelCalculatorTest$SwingData and com.kotsin.consumer.curated.service.MultiTimeframeLevelCalculator$SwingData are in unnamed module of loader 'app')
2025-12-28 23:59:45.829 WARN  [main] c.k.c.c.s.MultiTimeframeLevelCalculator - Invalid swing data for RELIANCE weekly
2025-12-28 23:59:45.830 WARN  [main] c.k.c.c.s.MultiTimeframeLevelCalculator - Invalid OHLC data for RELIANCE weekly
2025-12-28 23:59:45.830 ERROR [pool-19-thread-5] c.k.c.c.s.MultiTimeframeLevelCalculator - Error fetching swing data for RELIANCE monthly: class com.kotsin.consumer.curated.service.MultiTimeframeLevelCalculatorTest$SwingData cannot be cast to class com.kotsin.consumer.curated.service.MultiTimeframeLevelCalculator$SwingData (com.kotsin.consumer.curated.service.MultiTimeframeLevelCalculatorTest$SwingData and com.kotsin.consumer.curated.service.MultiTimeframeLevelCalculator$SwingData are in unnamed module of loader 'app')
2025-12-28 23:59:45.831 WARN  [main] c.k.c.c.s.MultiTimeframeLevelCalculator - Invalid swing data for RELIANCE monthly
2025-12-28 23:59:45.831 WARN  [main] c.k.c.c.s.MultiTimeframeLevelCalculator - Invalid OHLC data for RELIANCE monthly
2025-12-28 23:59:45.831 INFO  [main] c.k.c.c.s.MultiTimeframeLevelCalculator - Multi-TF levels calculated for RELIANCE: D_Pivot=N/A, W_Pivot=N/A, M_Pivot=N/A
2025-12-28 23:59:45.845 WARN  [main] c.k.c.c.s.MultiTimeframeLevelCalculator - Invalid swing data for RELIANCE daily
2025-12-28 23:59:45.845 WARN  [main] c.k.c.c.s.MultiTimeframeLevelCalculator - Invalid OHLC data for RELIANCE daily
2025-12-28 23:59:45.846 WARN  [main] c.k.c.c.s.MultiTimeframeLevelCalculator - Invalid swing data for RELIANCE weekly
2025-12-28 23:59:45.847 WARN  [main] c.k.c.c.s.MultiTimeframeLevelCalculator - Invalid OHLC data for RELIANCE weekly
2025-12-28 23:59:45.848 WARN  [main] c.k.c.c.s.MultiTimeframeLevelCalculator - Invalid swing data for RELIANCE monthly
2025-12-28 23:59:45.849 WARN  [main] c.k.c.c.s.MultiTimeframeLevelCalculator - Invalid OHLC data for RELIANCE monthly
2025-12-28 23:59:45.849 INFO  [main] c.k.c.c.s.MultiTimeframeLevelCalculator - Multi-TF levels calculated for RELIANCE: D_Pivot=N/A, W_Pivot=N/A, M_Pivot=N/A
2025-12-28 23:59:45.859 ERROR [pool-21-thread-1] c.k.c.c.s.MultiTimeframeLevelCalculator - Error fetching swing data for RELIANCE daily: API error
2025-12-28 23:59:45.859 WARN  [main] c.k.c.c.s.MultiTimeframeLevelCalculator - Invalid swing data for RELIANCE daily
2025-12-28 23:59:45.860 ERROR [pool-21-thread-2] c.k.c.c.s.MultiTimeframeLevelCalculator - Error fetching OHLC for RELIANCE daily: API error
2025-12-28 23:59:45.860 WARN  [main] c.k.c.c.s.MultiTimeframeLevelCalculator - Invalid OHLC data for RELIANCE daily
2025-12-28 23:59:45.861 ERROR [pool-21-thread-3] c.k.c.c.s.MultiTimeframeLevelCalculator - Error fetching swing data for RELIANCE weekly: API error
2025-12-28 23:59:45.861 WARN  [main] c.k.c.c.s.MultiTimeframeLevelCalculator - Invalid swing data for RELIANCE weekly
2025-12-28 23:59:45.862 ERROR [pool-21-thread-4] c.k.c.c.s.MultiTimeframeLevelCalculator - Error fetching OHLC for RELIANCE weekly: API error
2025-12-28 23:59:45.862 WARN  [main] c.k.c.c.s.MultiTimeframeLevelCalculator - Invalid OHLC data for RELIANCE weekly
2025-12-28 23:59:45.863 ERROR [pool-21-thread-5] c.k.c.c.s.MultiTimeframeLevelCalculator - Error fetching swing data for RELIANCE monthly: API error
2025-12-28 23:59:45.863 WARN  [main] c.k.c.c.s.MultiTimeframeLevelCalculator - Invalid swing data for RELIANCE monthly
2025-12-28 23:59:45.863 ERROR [pool-21-thread-1] c.k.c.c.s.MultiTimeframeLevelCalculator - Error fetching OHLC for RELIANCE monthly: API error
2025-12-28 23:59:45.864 WARN  [main] c.k.c.c.s.MultiTimeframeLevelCalculator - Invalid OHLC data for RELIANCE monthly
2025-12-28 23:59:45.864 INFO  [main] c.k.c.c.s.MultiTimeframeLevelCalculator - Multi-TF levels calculated for RELIANCE: D_Pivot=N/A, W_Pivot=N/A, M_Pivot=N/A
2025-12-28 23:59:45.870 ERROR [pool-22-thread-1] c.k.c.c.s.MultiTimeframeLevelCalculator - Error fetching swing data for RELIANCE daily: class com.kotsin.consumer.curated.service.MultiTimeframeLevelCalculatorTest$SwingData cannot be cast to class com.kotsin.consumer.curated.service.MultiTimeframeLevelCalculator$SwingData (com.kotsin.consumer.curated.service.MultiTimeframeLevelCalculatorTest$SwingData and com.kotsin.consumer.curated.service.MultiTimeframeLevelCalculator$SwingData are in unnamed module of loader 'app')
2025-12-28 23:59:45.871 WARN  [main] c.k.c.c.s.MultiTimeframeLevelCalculator - Invalid swing data for RELIANCE daily
2025-12-28 23:59:45.872 WARN  [main] c.k.c.c.s.MultiTimeframeLevelCalculator - Invalid OHLC data for RELIANCE daily
2025-12-28 23:59:45.873 ERROR [pool-22-thread-3] c.k.c.c.s.MultiTimeframeLevelCalculator - Error fetching swing data for RELIANCE weekly: class com.kotsin.consumer.curated.service.MultiTimeframeLevelCalculatorTest$SwingData cannot be cast to class com.kotsin.consumer.curated.service.MultiTimeframeLevelCalculator$SwingData (com.kotsin.consumer.curated.service.MultiTimeframeLevelCalculatorTest$SwingData and com.kotsin.consumer.curated.service.MultiTimeframeLevelCalculator$SwingData are in unnamed module of loader 'app')
2025-12-28 23:59:45.873 WARN  [main] c.k.c.c.s.MultiTimeframeLevelCalculator - Invalid swing data for RELIANCE weekly
2025-12-28 23:59:45.874 WARN  [main] c.k.c.c.s.MultiTimeframeLevelCalculator - Invalid OHLC data for RELIANCE weekly
2025-12-28 23:59:45.874 ERROR [pool-22-thread-5] c.k.c.c.s.MultiTimeframeLevelCalculator - Error fetching swing data for RELIANCE monthly: class com.kotsin.consumer.curated.service.MultiTimeframeLevelCalculatorTest$SwingData cannot be cast to class com.kotsin.consumer.curated.service.MultiTimeframeLevelCalculator$SwingData (com.kotsin.consumer.curated.service.MultiTimeframeLevelCalculatorTest$SwingData and com.kotsin.consumer.curated.service.MultiTimeframeLevelCalculator$SwingData are in unnamed module of loader 'app')
2025-12-28 23:59:45.875 WARN  [main] c.k.c.c.s.MultiTimeframeLevelCalculator - Invalid swing data for RELIANCE monthly
2025-12-28 23:59:45.875 WARN  [main] c.k.c.c.s.MultiTimeframeLevelCalculator - Invalid OHLC data for RELIANCE monthly
2025-12-28 23:59:45.875 INFO  [main] c.k.c.c.s.MultiTimeframeLevelCalculator - Multi-TF levels calculated for RELIANCE: D_Pivot=N/A, W_Pivot=N/A, M_Pivot=N/A
2025-12-28 23:59:45.895 ERROR [pool-24-thread-1] c.k.c.c.s.MultiTimeframeLevelCalculator - Error fetching swing data for RELIANCE daily: class com.kotsin.consumer.curated.service.MultiTimeframeLevelCalculatorTest$SwingData cannot be cast to class com.kotsin.consumer.curated.service.MultiTimeframeLevelCalculator$SwingData (com.kotsin.consumer.curated.service.MultiTimeframeLevelCalculatorTest$SwingData and com.kotsin.consumer.curated.service.MultiTimeframeLevelCalculator$SwingData are in unnamed module of loader 'app')
2025-12-28 23:59:45.895 WARN  [main] c.k.c.c.s.MultiTimeframeLevelCalculator - Invalid swing data for RELIANCE daily
2025-12-28 23:59:45.896 ERROR [pool-24-thread-2] c.k.c.c.s.MultiTimeframeLevelCalculator - Error fetching OHLC for RELIANCE daily: class com.kotsin.consumer.curated.service.MultiTimeframeLevelCalculatorTest$OHLCData cannot be cast to class com.kotsin.consumer.curated.service.MultiTimeframeLevelCalculator$OHLCData (com.kotsin.consumer.curated.service.MultiTimeframeLevelCalculatorTest$OHLCData and com.kotsin.consumer.curated.service.MultiTimeframeLevelCalculator$OHLCData are in unnamed module of loader 'app')
2025-12-28 23:59:45.897 WARN  [main] c.k.c.c.s.MultiTimeframeLevelCalculator - Invalid OHLC data for RELIANCE daily
2025-12-28 23:59:45.898 ERROR [pool-24-thread-3] c.k.c.c.s.MultiTimeframeLevelCalculator - Error fetching swing data for RELIANCE weekly: class com.kotsin.consumer.curated.service.MultiTimeframeLevelCalculatorTest$SwingData cannot be cast to class com.kotsin.consumer.curated.service.MultiTimeframeLevelCalculator$SwingData (com.kotsin.consumer.curated.service.MultiTimeframeLevelCalculatorTest$SwingData and com.kotsin.consumer.curated.service.MultiTimeframeLevelCalculator$SwingData are in unnamed module of loader 'app')
2025-12-28 23:59:45.899 WARN  [main] c.k.c.c.s.MultiTimeframeLevelCalculator - Invalid swing data for RELIANCE weekly
2025-12-28 23:59:45.899 ERROR [pool-24-thread-4] c.k.c.c.s.MultiTimeframeLevelCalculator - Error fetching OHLC for RELIANCE weekly: class com.kotsin.consumer.curated.service.MultiTimeframeLevelCalculatorTest$OHLCData cannot be cast to class com.kotsin.consumer.curated.service.MultiTimeframeLevelCalculator$OHLCData (com.kotsin.consumer.curated.service.MultiTimeframeLevelCalculatorTest$OHLCData and com.kotsin.consumer.curated.service.MultiTimeframeLevelCalculator$OHLCData are in unnamed module of loader 'app')
2025-12-28 23:59:45.900 WARN  [main] c.k.c.c.s.MultiTimeframeLevelCalculator - Invalid OHLC data for RELIANCE weekly
2025-12-28 23:59:45.900 ERROR [pool-24-thread-5] c.k.c.c.s.MultiTimeframeLevelCalculator - Error fetching swing data for RELIANCE monthly: class com.kotsin.consumer.curated.service.MultiTimeframeLevelCalculatorTest$SwingData cannot be cast to class com.kotsin.consumer.curated.service.MultiTimeframeLevelCalculator$SwingData (com.kotsin.consumer.curated.service.MultiTimeframeLevelCalculatorTest$SwingData and com.kotsin.consumer.curated.service.MultiTimeframeLevelCalculator$SwingData are in unnamed module of loader 'app')
2025-12-28 23:59:45.900 WARN  [main] c.k.c.c.s.MultiTimeframeLevelCalculator - Invalid swing data for RELIANCE monthly
2025-12-28 23:59:45.901 ERROR [pool-24-thread-1] c.k.c.c.s.MultiTimeframeLevelCalculator - Error fetching OHLC for RELIANCE monthly: class com.kotsin.consumer.curated.service.MultiTimeframeLevelCalculatorTest$OHLCData cannot be cast to class com.kotsin.consumer.curated.service.MultiTimeframeLevelCalculator$OHLCData (com.kotsin.consumer.curated.service.MultiTimeframeLevelCalculatorTest$OHLCData and com.kotsin.consumer.curated.service.MultiTimeframeLevelCalculator$OHLCData are in unnamed module of loader 'app')
2025-12-28 23:59:45.902 WARN  [main] c.k.c.c.s.MultiTimeframeLevelCalculator - Invalid OHLC data for RELIANCE monthly
2025-12-28 23:59:45.902 INFO  [main] c.k.c.c.s.MultiTimeframeLevelCalculator - Multi-TF levels calculated for RELIANCE: D_Pivot=N/A, W_Pivot=N/A, M_Pivot=N/A
2025-12-28 23:59:45.939 ERROR [pool-25-thread-1] c.k.c.c.s.MultiTimeframeLevelCalculator - Error fetching swing data for RELIANCE daily: 
Strict stubbing argument mismatch. Please check:
 - this invocation of 'getForObject' method:
    restTemplate.getForObject(
    "http://localhost:8080/api/historical/swing/RELIANCE?timeframe=daily",
    class com.kotsin.consumer.curated.service.MultiTimeframeLevelCalculator$SwingData
);
    -> at com.kotsin.consumer.curated.service.MultiTimeframeLevelCalculator.lambda$calculateFibonacci$0(MultiTimeframeLevelCalculator.java:119)
 - has following stubbing(s) with different arguments:
    1. restTemplate.getForObject("", null);
      -> at com.kotsin.consumer.curated.service.MultiTimeframeLevelCalculatorTest.testCalculatePivots_HandlesNullDataGracefully(MultiTimeframeLevelCalculatorTest.java:89)
Typically, stubbing argument mismatch indicates user mistake when writing tests.
Mockito fails early so that you can debug potential problem easily.
However, there are legit scenarios when this exception generates false negative signal:
  - stubbing the same method multiple times using 'given().will()' or 'when().then()' API
    Please use 'will().given()' or 'doReturn().when()' API for stubbing.
  - stubbed method is intentionally invoked with different arguments by code under test
    Please use default or 'silent' JUnit Rule (equivalent of Strictness.LENIENT).
For more information see javadoc for PotentialStubbingProblem class.
2025-12-28 23:59:45.940 WARN  [main] c.k.c.c.s.MultiTimeframeLevelCalculator - Invalid swing data for RELIANCE daily
2025-12-28 23:59:45.941 ERROR [pool-25-thread-2] c.k.c.c.s.MultiTimeframeLevelCalculator - Error fetching OHLC for RELIANCE daily: class com.kotsin.consumer.curated.service.MultiTimeframeLevelCalculatorTest$OHLCData cannot be cast to class com.kotsin.consumer.curated.service.MultiTimeframeLevelCalculator$OHLCData (com.kotsin.consumer.curated.service.MultiTimeframeLevelCalculatorTest$OHLCData and com.kotsin.consumer.curated.service.MultiTimeframeLevelCalculator$OHLCData are in unnamed module of loader 'app')
2025-12-28 23:59:45.941 WARN  [main] c.k.c.c.s.MultiTimeframeLevelCalculator - Invalid OHLC data for RELIANCE daily
2025-12-28 23:59:45.941 WARN  [main] c.k.c.c.s.MultiTimeframeLevelCalculator - Invalid swing data for RELIANCE weekly
2025-12-28 23:59:45.942 ERROR [pool-25-thread-4] c.k.c.c.s.MultiTimeframeLevelCalculator - Error fetching OHLC for RELIANCE weekly: class com.kotsin.consumer.curated.service.MultiTimeframeLevelCalculatorTest$OHLCData cannot be cast to class com.kotsin.consumer.curated.service.MultiTimeframeLevelCalculator$OHLCData (com.kotsin.consumer.curated.service.MultiTimeframeLevelCalculatorTest$OHLCData and com.kotsin.consumer.curated.service.MultiTimeframeLevelCalculator$OHLCData are in unnamed module of loader 'app')
2025-12-28 23:59:45.942 WARN  [main] c.k.c.c.s.MultiTimeframeLevelCalculator - Invalid OHLC data for RELIANCE weekly
2025-12-28 23:59:45.942 WARN  [main] c.k.c.c.s.MultiTimeframeLevelCalculator - Invalid swing data for RELIANCE monthly
2025-12-28 23:59:45.942 ERROR [pool-25-thread-1] c.k.c.c.s.MultiTimeframeLevelCalculator - Error fetching OHLC for RELIANCE monthly: class com.kotsin.consumer.curated.service.MultiTimeframeLevelCalculatorTest$OHLCData cannot be cast to class com.kotsin.consumer.curated.service.MultiTimeframeLevelCalculator$OHLCData (com.kotsin.consumer.curated.service.MultiTimeframeLevelCalculatorTest$OHLCData and com.kotsin.consumer.curated.service.MultiTimeframeLevelCalculator$OHLCData are in unnamed module of loader 'app')
2025-12-28 23:59:45.942 WARN  [main] c.k.c.c.s.MultiTimeframeLevelCalculator - Invalid OHLC data for RELIANCE monthly
2025-12-28 23:59:45.942 INFO  [main] c.k.c.c.s.MultiTimeframeLevelCalculator - Multi-TF levels calculated for RELIANCE: D_Pivot=N/A, W_Pivot=N/A, M_Pivot=N/A
